app/build/outputs/logs/manifest-merger-debug-report.txt
-- Merging decision tree log ---
manifest
ADDED from src/main/AndroidManifest.xml:2:1-63:12
	package
		ADDED from src/main/AndroidManifest.xml:3:5-29
		INJECTED from src/main/AndroidManifest.xml
		INJECTED from src/main/AndroidManifest.xml
	android:versionName
		ADDED from src/main/AndroidManifest.xml:5:5-30
		INJECTED from src/main/AndroidManifest.xml
		INJECTED from src/main/AndroidManifest.xml
	android:versionCode
		ADDED from src/main/AndroidManifest.xml:4:5-28
		INJECTED from src/main/AndroidManifest.xml
		INJECTED from src/main/AndroidManifest.xml
	xmlns:android
		ADDED from src/main/AndroidManifest.xml:2:11-69
uses-permission#android.permission.BROADCAST_SMS
ADDED from src/main/AndroidManifest.xml:9:5-72
	android:name
		ADDED from src/main/AndroidManifest.xml:9:22-69
uses-permission#android.permission.RECEIVE_SMS
ADDED from src/main/AndroidManifest.xml:10:5-70
	android:name
		ADDED from src/main/AndroidManifest.xml:10:22-67
uses-permission#android.permission.READ_CONTACTS
ADDED from src/main/AndroidManifest.xml:11:5-72
	android:name
		ADDED from src/main/AndroidManifest.xml:11:22-69
application
ADDED from src/main/AndroidManifest.xml:14:5-62:19
	android:label
		ADDED from src/main/AndroidManifest.xml:16:9-41
	android:icon
		ADDED from src/main/AndroidManifest.xml:15:9-45
activity#com.auo.course.MainActivity
ADDED from src/main/AndroidManifest.xml:18:9-25:20
	android:label
		ADDED from src/main/AndroidManifest.xml:19:42-74
	android:name
		ADDED from src/main/AndroidManifest.xml:19:13-41
intent-filter#android.intent.action.MAIN+android.intent.category.LAUNCHER
ADDED from src/main/AndroidManifest.xml:20:13-24:29
action#android.intent.action.MAIN
ADDED from src/main/AndroidManifest.xml:21:17-69
	android:name
		ADDED from src/main/AndroidManifest.xml:21:25-66
category#android.intent.category.LAUNCHER
ADDED from src/main/AndroidManifest.xml:23:17-77
	android:name
		ADDED from src/main/AndroidManifest.xml:23:27-74
activity#com.auo.course.activity.FirstActivity
ADDED from src/main/AndroidManifest.xml:27:9-32:20
	android:label
		ADDED from src/main/AndroidManifest.xml:27:58-96
	android:name
		ADDED from src/main/AndroidManifest.xml:27:19-57
intent-filter#android.intent.action.MAIN+android.intent.category.DEFAULT
ADDED from src/main/AndroidManifest.xml:28:13-31:29
category#android.intent.category.DEFAULT
ADDED from src/main/AndroidManifest.xml:30:17-76
	android:name
		ADDED from src/main/AndroidManifest.xml:30:27-73
activity#com.auo.course.activity.SecondActivity
ADDED from src/main/AndroidManifest.xml:34:9-39:20
	android:label
		ADDED from src/main/AndroidManifest.xml:34:59-98
	android:name
		ADDED from src/main/AndroidManifest.xml:34:19-58
service#com.auo.course.service.MusicService
ADDED from src/main/AndroidManifest.xml:42:9-47:19
	android:enabled
		ADDED from src/main/AndroidManifest.xml:42:18-40
	android:name
		ADDED from src/main/AndroidManifest.xml:42:41-77
intent-filter#android.intent.category.default+com.auo.course.service.MUSIC
ADDED from src/main/AndroidManifest.xml:43:13-46:29
action#com.auo.course.service.MUSIC
ADDED from src/main/AndroidManifest.xml:44:19-72
	android:name
		ADDED from src/main/AndroidManifest.xml:44:27-70
category#android.intent.category.default
ADDED from src/main/AndroidManifest.xml:45:19-77
	android:name
		ADDED from src/main/AndroidManifest.xml:45:29-75
provider#com.auo.course.provider.MyContentProvider
ADDED from src/main/AndroidManifest.xml:50:9-51:54
	android:authorities
		ADDED from src/main/AndroidManifest.xml:51:19-51
	android:name
		ADDED from src/main/AndroidManifest.xml:50:19-61
receiver#com.auo.course.broadcast.MyBroadReciever
ADDED from src/main/AndroidManifest.xml:54:7-61:20
	android:name
		ADDED from src/main/AndroidManifest.xml:54:17-58
intent-filter#android.provider.Telephony.SMS_RECEIVED
ADDED from src/main/AndroidManifest.xml:55:10-57:29
action#android.provider.Telephony.SMS_RECEIVED
ADDED from src/main/AndroidManifest.xml:56:14-79
	android:name
		ADDED from src/main/AndroidManifest.xml:56:22-76
intent-filter#broadcast_action
ADDED from src/main/AndroidManifest.xml:58:13-60:29
action#broadcast_action
ADDED from src/main/AndroidManifest.xml:59:14-56
	android:name
		ADDED from src/main/AndroidManifest.xml:59:22-53
uses-sdk
INJECTED from src/main/AndroidManifest.xml reason: use-sdk injection requested
	android:targetSdkVersion
		INJECTED from src/main/AndroidManifest.xml
		INJECTED from src/main/AndroidManifest.xml
	android:minSdkVersion
		INJECTED from src/main/AndroidManifest.xml
		INJECTED from src/main/AndroidManifest.xml